104.03.03 11:20 B d:\xml\Jagdish\code\menu-images\blueback.jpg <-- Hitech /u1/hitech/Jagadish/code/menu-images blueback.jpg
104.03.03 11:20 B d:\xml\Jagdish\code\menu-images\book-closed.gif <-- Hitech /u1/hitech/Jagadish/code/menu-images book-closed.gif
104.03.03 11:20 B d:\xml\Jagdish\code\menu-images\book-open.gif <-- Hitech /u1/hitech/Jagadish/code/menu-images book-open.gif
104.03.03 11:20 B d:\xml\Jagdish\code\menu-images\menu_bar.gif <-- Hitech /u1/hitech/Jagadish/code/menu-images menu_bar.gif
104.03.03 11:20 B d:\xml\Jagdish\code\menu-images\menu_corner.gif <-- Hitech /u1/hitech/Jagadish/code/menu-images menu_corner.gif
104.03.03 11:20 B d:\xml\Jagdish\code\menu-images\menu_corner_minus.gif <-- Hitech /u1/hitech/Jagadish/code/menu-images menu_corner_minus.gif
104.03.03 11:20 B d:\xml\Jagdish\code\menu-images\menu_corner_plus.gif <-- Hitech /u1/hitech/Jagadish/code/menu-images menu_corner_plus.gif
104.03.03 11:20 B d:\xml\Jagdish\code\menu-images\menu_folder_closed.gif <-- Hitech /u1/hitech/Jagadish/code/menu-images menu_folder_closed.gif
104.03.03 11:20 B d:\xml\Jagdish\code\menu-images\menu_folder_open.gif <-- Hitech /u1/hitech/Jagadish/code/menu-images menu_folder_open.gif
104.03.03 11:20 B d:\xml\Jagdish\code\menu-images\menu_link_bat.gif <-- Hitech /u1/hitech/Jagadish/code/menu-images menu_link_bat.gif
104.03.03 11:20 B d:\xml\Jagdish\code\menu-images\menu_link_com.gif <-- Hitech /u1/hitech/Jagadish/code/menu-images menu_link_com.gif
104.03.03 11:20 B d:\xml\Jagdish\code\menu-images\menu_link_default.gif <-- Hitech /u1/hitech/Jagadish/code/menu-images menu_link_default.gif
104.03.03 11:20 B d:\xml\Jagdish\code\menu-images\menu_link_external.gif <-- Hitech /u1/hitech/Jagadish/code/menu-images menu_link_external.gif
104.03.03 11:20 B d:\xml\Jagdish\code\menu-images\menu_link_external16.gif <-- Hitech /u1/hitech/Jagadish/code/menu-images menu_link_external16.gif
104.03.03 11:20 B d:\xml\Jagdish\code\menu-images\menu_link_external54.gif <-- Hitech /u1/hitech/Jagadish/code/menu-images menu_link_external54.gif
104.03.03 11:20 B d:\xml\Jagdish\code\menu-images\menu_link_help.gif <-- Hitech /u1/hitech/Jagadish/code/menu-images menu_link_help.gif
104.03.03 11:20 B d:\xml\Jagdish\code\menu-images\menu_link_ie.gif <-- Hitech /u1/hitech/Jagadish/code/menu-images menu_link_ie.gif
104.03.03 11:20 B d:\xml\Jagdish\code\menu-images\menu_link_ini.gif <-- Hitech /u1/hitech/Jagadish/code/menu-images menu_link_ini.gif
104.03.03 11:20 B d:\xml\Jagdish\code\menu-images\menu_link_java.gif <-- Hitech /u1/hitech/Jagadish/code/menu-images menu_link_java.gif
104.03.03 11:20 B d:\xml\Jagdish\code\menu-images\menu_link_local.gif <-- Hitech /u1/hitech/Jagadish/code/menu-images menu_link_local.gif
104.03.03 11:20 B d:\xml\Jagdish\code\menu-images\menu_link_music.gif <-- Hitech /u1/hitech/Jagadish/code/menu-images menu_link_music.gif
104.03.03 11:20 B d:\xml\Jagdish\code\menu-images\menu_link_pdf.gif <-- Hitech /u1/hitech/Jagadish/code/menu-images menu_link_pdf.gif
104.03.03 11:20 B d:\xml\Jagdish\code\menu-images\menu_link_ref.gif <-- Hitech /u1/hitech/Jagadish/code/menu-images menu_link_ref.gif
104.03.03 11:20 B d:\xml\Jagdish\code\menu-images\menu_link_txt.gif <-- Hitech /u1/hitech/Jagadish/code/menu-images menu_link_txt.gif
104.03.03 11:20 B d:\xml\Jagdish\code\menu-images\menu_new_root.gif <-- Hitech /u1/hitech/Jagadish/code/menu-images menu_new_root.gif
104.03.03 11:20 B d:\xml\Jagdish\code\menu-images\menu_pixel.gif <-- Hitech /u1/hitech/Jagadish/code/menu-images menu_pixel.gif
104.03.03 11:20 B d:\xml\Jagdish\code\menu-images\menu_root.gif <-- Hitech /u1/hitech/Jagadish/code/menu-images menu_root.gif
104.03.03 11:20 B d:\xml\Jagdish\code\menu-images\menu_tee.gif <-- Hitech /u1/hitech/Jagadish/code/menu-images menu_tee.gif
104.03.03 11:20 B d:\xml\Jagdish\code\menu-images\menu_tee_minus.gif <-- Hitech /u1/hitech/Jagadish/code/menu-images menu_tee_minus.gif
104.03.03 11:20 B d:\xml\Jagdish\code\menu-images\menu_tee_plus.gif <-- Hitech /u1/hitech/Jagadish/code/menu-images menu_tee_plus.gif
